<?xml version="1.0" encoding="UTF-8"?>
<!-- Generated by org.testng.reporters.JUnitXMLReporter -->
<testsuite hostname="DESKTOP-VQCK5T1" ignored="3" name="Test" tests="7" failures="1" timestamp="27 Sep 2019 18:24:37 GMT" time="8.081" errors="0">
  <testcase name="@BeforeMethod beforeEachTest" time="3.92" classname="com.selenium.libraries.Base">
    <failure type="java.lang.AssertionError" message="expected [true] but found [false]">
      <![CDATA[java.lang.AssertionError: expected [true] but found [false]
at com.selenium.libraries.GlobalSeleniumLibrary.startChromeBrowser(GlobalSeleniumLibrary.java:84)
at com.selenium.libraries.GlobalSeleniumLibrary.startLocalBrowser(GlobalSeleniumLibrary.java:568)
at com.selenium.libraries.Base.beforeEachTest(Base.java:52)
... Removed 32 stack frames]]>
    </failure>
  </testcase> <!-- @BeforeMethod beforeEachTest -->
  <testcase name="@AfterMethod afterEachTest" time="0.0" classname="com.selenium.libraries.Base">
    <skipped/>
  </testcase> <!-- @AfterMethod afterEachTest -->
  <testcase name="@AfterClass afterAllTest" time="0.0" classname="com.selenium.libraries.Base">
    <skipped/>
  </testcase> <!-- @AfterClass afterAllTest -->
  <testcase name="@BeforeMethod beforeEachTest" time="1.294" classname="com.selenium.libraries.Base">
    <failure type="java.lang.AssertionError" message="expected [true] but found [false]">
      <![CDATA[java.lang.AssertionError: expected [true] but found [false]
at com.selenium.libraries.GlobalSeleniumLibrary.startChromeBrowser(GlobalSeleniumLibrary.java:84)
at com.selenium.libraries.GlobalSeleniumLibrary.startLocalBrowser(GlobalSeleniumLibrary.java:568)
at com.selenium.libraries.Base.beforeEachTest(Base.java:52)
... Removed 32 stack frames]]>
    </failure>
  </testcase> <!-- @BeforeMethod beforeEachTest -->
  <testcase name="@AfterMethod afterEachTest" time="0.0" classname="com.selenium.libraries.Base">
    <skipped/>
  </testcase> <!-- @AfterMethod afterEachTest -->
  <testcase name="@AfterClass afterAllTest" time="0.0" classname="com.selenium.libraries.Base">
    <skipped/>
  </testcase> <!-- @AfterClass afterAllTest -->
  <testcase name="@BeforeMethod beforeEachTest" time="1.289" classname="com.selenium.libraries.Base">
    <failure type="java.lang.AssertionError" message="expected [true] but found [false]">
      <![CDATA[java.lang.AssertionError: expected [true] but found [false]
at com.selenium.libraries.GlobalSeleniumLibrary.startChromeBrowser(GlobalSeleniumLibrary.java:84)
at com.selenium.libraries.GlobalSeleniumLibrary.startLocalBrowser(GlobalSeleniumLibrary.java:568)
at com.selenium.libraries.Base.beforeEachTest(Base.java:52)
... Removed 32 stack frames]]>
    </failure>
  </testcase> <!-- @BeforeMethod beforeEachTest -->
  <testcase name="@AfterMethod afterEachTest" time="0.0" classname="com.selenium.libraries.Base">
    <skipped/>
  </testcase> <!-- @AfterMethod afterEachTest -->
  <testcase name="@BeforeMethod beforeEachTest" time="0.0" classname="com.selenium.libraries.Base">
    <skipped/>
  </testcase> <!-- @BeforeMethod beforeEachTest -->
  <testcase name="@AfterMethod afterEachTest" time="0.0" classname="com.selenium.libraries.Base">
    <skipped/>
  </testcase> <!-- @AfterMethod afterEachTest -->
  <testcase name="@BeforeMethod beforeEachTest" time="0.0" classname="com.selenium.libraries.Base">
    <skipped/>
  </testcase> <!-- @BeforeMethod beforeEachTest -->
  <testcase name="@AfterMethod afterEachTest" time="0.0" classname="com.selenium.libraries.Base">
    <skipped/>
  </testcase> <!-- @AfterMethod afterEachTest -->
  <testcase name="@BeforeMethod beforeEachTest" time="0.0" classname="com.selenium.libraries.Base">
    <skipped/>
  </testcase> <!-- @BeforeMethod beforeEachTest -->
  <testcase name="@AfterMethod afterEachTest" time="0.0" classname="com.selenium.libraries.Base">
    <skipped/>
  </testcase> <!-- @AfterMethod afterEachTest -->
  <testcase name="@AfterClass afterAllTest" time="0.0" classname="com.selenium.libraries.Base">
    <skipped/>
  </testcase> <!-- @AfterClass afterAllTest -->
  <testcase name="uploadFileTest" time="0.0" classname="com.selenium.greatcourses.tests.WindowHandlesTest">
    <skipped/>
  </testcase> <!-- uploadFileTest -->
  <testcase name="test1" time="1.039" classname="com.selenium.greatcourses.tests.TestGird">
    <failure type="org.openqa.selenium.remote.UnreachableBrowserException" message="Could not start a new session. Possible causes are invalid address of the remote server or browser start-up failure.
Build info: version: &amp;apos;3.14.0&amp;apos;, revision: &amp;apos;aacccce0&amp;apos;, time: &amp;apos;2018-08-02T20:19:58.91Z&amp;apos;
System info: host: &amp;apos;DESKTOP-VQCK5T1&amp;apos;, ip: &amp;apos;192.168.1.228&amp;apos;, os.name: &amp;apos;Windows 10&amp;apos;, os.arch: &amp;apos;amd64&amp;apos;, os.version: &amp;apos;10.0&amp;apos;, java.version: &amp;apos;1.8.0_191&amp;apos;
Driver info: driver.version: RemoteWebDriver">
      <![CDATA[org.openqa.selenium.remote.UnreachableBrowserException: Could not start a new session. Possible causes are invalid address of the remote server or browser start-up failure.
Build info: version: '3.14.0', revision: 'aacccce0', time: '2018-08-02T20:19:58.91Z'
System info: host: 'DESKTOP-VQCK5T1', ip: '192.168.1.228', os.name: 'Windows 10', os.arch: 'amd64', os.version: '10.0', java.version: '1.8.0_191'
Driver info: driver.version: RemoteWebDriver
at org.openqa.selenium.remote.RemoteWebDriver.execute(RemoteWebDriver.java:569)
at org.openqa.selenium.remote.RemoteWebDriver.startSession(RemoteWebDriver.java:212)
at org.openqa.selenium.remote.RemoteWebDriver.<init>(RemoteWebDriver.java:130)
at org.openqa.selenium.remote.RemoteWebDriver.<init>(RemoteWebDriver.java:143)
at com.selenium.greatcourses.tests.TestGird.test1(TestGird.java:18)
Caused by: java.net.ConnectException: Failed to connect to /192.168.1.228:4198
at okhttp3.internal.connection.RealConnection.connectSocket(RealConnection.java:242)
at okhttp3.internal.connection.RealConnection.connect(RealConnection.java:160)
at okhttp3.internal.connection.StreamAllocation.findConnection(StreamAllocation.java:257)
at okhttp3.internal.connection.StreamAllocation.findHealthyConnection(StreamAllocation.java:135)
at okhttp3.internal.connection.StreamAllocation.newStream(StreamAllocation.java:114)
at okhttp3.internal.connection.ConnectInterceptor.intercept(ConnectInterceptor.java:42)
at okhttp3.internal.http.RealInterceptorChain.proceed(RealInterceptorChain.java:147)
at okhttp3.internal.http.RealInterceptorChain.proceed(RealInterceptorChain.java:121)
at okhttp3.internal.cache.CacheInterceptor.intercept(CacheInterceptor.java:93)
at okhttp3.internal.http.RealInterceptorChain.proceed(RealInterceptorChain.java:147)
at okhttp3.internal.http.RealInterceptorChain.proceed(RealInterceptorChain.java:121)
at okhttp3.internal.http.BridgeInterceptor.intercept(BridgeInterceptor.java:93)
at okhttp3.internal.http.RealInterceptorChain.proceed(RealInterceptorChain.java:147)
at okhttp3.internal.http.RetryAndFollowUpInterceptor.intercept(RetryAndFollowUpInterceptor.java:126)
at okhttp3.internal.http.RealInterceptorChain.proceed(RealInterceptorChain.java:147)
at okhttp3.internal.http.RealInterceptorChain.proceed(RealInterceptorChain.java:121)
at okhttp3.RealCall.getResponseWithInterceptorChain(RealCall.java:200)
at okhttp3.RealCall.execute(RealCall.java:77)
at org.openqa.selenium.remote.internal.OkHttpClient.execute(OkHttpClient.java:105)
at org.openqa.selenium.remote.ProtocolHandshake.createSession(ProtocolHandshake.java:101)
at org.openqa.selenium.remote.ProtocolHandshake.createSession(ProtocolHandshake.java:73)
at org.openqa.selenium.remote.HttpCommandExecutor.execute(HttpCommandExecutor.java:136)
at org.openqa.selenium.remote.RemoteWebDriver.execute(RemoteWebDriver.java:548)
... 29 more
Caused by: java.net.ConnectException: Connection refused: connect
at java.net.DualStackPlainSocketImpl.waitForConnect(Native Method)
at java.net.DualStackPlainSocketImpl.socketConnect(DualStackPlainSocketImpl.java:85)
at java.net.AbstractPlainSocketImpl.doConnect(AbstractPlainSocketImpl.java:350)
at java.net.AbstractPlainSocketImpl.connectToAddress(AbstractPlainSocketImpl.java:206)
at java.net.AbstractPlainSocketImpl.connect(AbstractPlainSocketImpl.java:188)
at java.net.PlainSocketImpl.connect(PlainSocketImpl.java:172)
at java.net.SocksSocketImpl.connect(SocksSocketImpl.java:392)
at java.net.Socket.connect(Socket.java:589)
at okhttp3.internal.platform.Platform.connectSocket(Platform.java:129)
at okhttp3.internal.connection.RealConnection.connectSocket(RealConnection.java:240)
... 51 more
... Removed 25 stack frames]]>
    </failure>
  </testcase> <!-- test1 -->
  <testcase name="buy_TheAgingBrainCoursTest" time="0.0" classname="com.selenium.greatcourses.tests.SmokeTests">
    <skipped/>
  </testcase> <!-- buy_TheAgingBrainCoursTest -->
  <testcase name="dataDrivenTests" time="0.0" classname="com.selenium.greatcourses.tests.DataDrivenTests">
    <skipped/>
  </testcase> <!-- dataDrivenTests -->
  <testcase name="dataDrivenTests" time="0.0" classname="com.selenium.greatcourses.tests.DataDrivenTests">
    <skipped/>
  </testcase> <!-- dataDrivenTests -->
  <testcase name="dataDrivenTests" time="0.0" classname="com.selenium.greatcourses.tests.DataDrivenTests">
    <skipped/>
  </testcase> <!-- dataDrivenTests -->
  <testcase name="dataDrivenTests" time="0.0" classname="com.selenium.greatcourses.tests.DataDrivenTests">
    <skipped/>
  </testcase> <!-- dataDrivenTests -->
  <testcase name="checkingHomePageTest" time="0.0" classname="com.selenium.greatcourses.tests.SmokeTests">
    <ignored/>
  </testcase> <!-- checkingHomePageTest -->
  <testcase name="tryWindowHandles" time="0.0" classname="com.selenium.greatcourses.tests.WindowHandlesTest">
    <ignored/>
  </testcase> <!-- tryWindowHandles -->
  <testcase name="buyNighSkyCourseTest" time="0.0" classname="com.selenium.greatcourses.tests.SmokeTests">
    <ignored/>
  </testcase> <!-- buyNighSkyCourseTest -->
</testsuite> <!-- Test -->
