<!DOCTYPE html PUBLIC "-//W3C//DTD XHTML 1.1//EN" "http://www.w3.org/TR/xhtml11/DTD/xhtml11.dtd">
<html xmlns="http://www.w3.org/1999/xhtml">
<head>
<meta http-equiv="content-type" content="text/html; charset=UTF-8"/>
<title>TestNG Report</title>
<style type="text/css">table {margin-bottom:10px;border-collapse:collapse;empty-cells:show}th,td {border:1px solid #009;padding:.25em .5em}th {vertical-align:bottom}td {vertical-align:top}table a {font-weight:bold}.stripe td {background-color: #E6EBF9}.num {text-align:right}.passedodd td {background-color: #3F3}.passedeven td {background-color: #0A0}.skippedodd td {background-color: #DDD}.skippedeven td {background-color: #CCC}.failedodd td,.attn {background-color: #F33}.failedeven td,.stripe .attn {background-color: #D00}.stacktrace {white-space:pre;font-family:monospace}.totop {font-size:85%;text-align:center;border-bottom:2px solid #000}.invisible {display:none}</style>
</head>
<body>
<table>
<tr><th>Test</th><th># Passed</th><th># Skipped</th><th># Failed</th><th>Time (ms)</th><th>Included Groups</th><th>Excluded Groups</th></tr>
<tr><th colspan="7">Suite</th></tr>
<tr><td><a href="#t0">Test</a></td><td class="num">0</td><td class="num attn">6</td><td class="num attn">1</td><td class="num">8,081</td><td></td><td></td></tr>
</table>
<table id='summary'><thead><tr><th>Class</th><th>Method</th><th>Start</th><th>Time (ms)</th></tr></thead><tbody><tr><th colspan="4">Suite</th></tr></tbody><tbody id="t0"><tr><th colspan="4">Test &#8212; failed (configuration methods)</th></tr><tr class="failedeven"><td rowspan="1">com.selenium.greatcourses.tests.DataDrivenTests</td><td><a href="#m0">beforeEachTest</a></td><td rowspan="1">1569608676010</td><td rowspan="1">1289</td></tr><tr class="failedodd"><td rowspan="1">com.selenium.greatcourses.tests.SmokeTests</td><td><a href="#m1">beforeEachTest</a></td><td rowspan="1">1569608674405</td><td rowspan="1">1294</td></tr><tr class="failedeven"><td rowspan="1">com.selenium.greatcourses.tests.WindowHandlesTest</td><td><a href="#m2">beforeEachTest</a></td><td rowspan="1">1569608669405</td><td rowspan="1">3920</td></tr><tr><th colspan="4">Test &#8212; failed</th></tr><tr class="failedeven"><td rowspan="1">com.selenium.greatcourses.tests.TestGird</td><td><a href="#m3">test1</a></td><td rowspan="1">1569608673360</td><td rowspan="1">1039</td></tr><tr><th colspan="4">Test &#8212; skipped (configuration methods)</th></tr><tr class="skippedeven"><td rowspan="8">com.selenium.greatcourses.tests.DataDrivenTests</td><td><a href="#m4">afterAllTest</a></td><td rowspan="1">1569608677355</td><td rowspan="1">0</td></tr><tr class="skippedeven"><td><a href="#m5">afterEachTest</a></td><td rowspan="4">1569608677332</td><td rowspan="4">0</td></tr><tr class="skippedeven"><td><a href="#m6">afterEachTest</a></td></tr><tr class="skippedeven"><td><a href="#m7">afterEachTest</a></td></tr><tr class="skippedeven"><td><a href="#m8">afterEachTest</a></td></tr><tr class="skippedeven"><td><a href="#m9">beforeEachTest</a></td><td rowspan="3">1569608677328</td><td rowspan="3">0</td></tr><tr class="skippedeven"><td><a href="#m10">beforeEachTest</a></td></tr><tr class="skippedeven"><td><a href="#m11">beforeEachTest</a></td></tr><tr class="skippedodd"><td rowspan="2">com.selenium.greatcourses.tests.SmokeTests</td><td><a href="#m12">afterAllTest</a></td><td rowspan="1">1569608675710</td><td rowspan="1">0</td></tr><tr class="skippedodd"><td><a href="#m13">afterEachTest</a></td><td rowspan="1">1569608675708</td><td rowspan="1">0</td></tr><tr class="skippedeven"><td rowspan="2">com.selenium.greatcourses.tests.WindowHandlesTest</td><td><a href="#m14">afterAllTest</a></td><td rowspan="1">1569608673350</td><td rowspan="1">0</td></tr><tr class="skippedeven"><td><a href="#m15">afterEachTest</a></td><td rowspan="1">1569608673346</td><td rowspan="1">0</td></tr><tr><th colspan="4">Test &#8212; skipped</th></tr><tr class="skippedeven"><td rowspan="4">com.selenium.greatcourses.tests.DataDrivenTests</td><td><a href="#m16">dataDrivenTests</a></td><td rowspan="4">1569608677330</td><td rowspan="4">0</td></tr><tr class="skippedeven"><td><a href="#m17">dataDrivenTests</a></td></tr><tr class="skippedeven"><td><a href="#m18">dataDrivenTests</a></td></tr><tr class="skippedeven"><td><a href="#m19">dataDrivenTests</a></td></tr><tr class="skippedodd"><td rowspan="1">com.selenium.greatcourses.tests.SmokeTests</td><td><a href="#m20">buy_TheAgingBrainCoursTest</a></td><td rowspan="1">1569608675704</td><td rowspan="1">0</td></tr><tr class="skippedeven"><td rowspan="1">com.selenium.greatcourses.tests.WindowHandlesTest</td><td><a href="#m21">uploadFileTest</a></td><td rowspan="1">1569608673343</td><td rowspan="1">0</td></tr></tbody>
</table>
<h2>Test</h2><h3 id="m0">com.selenium.greatcourses.tests.DataDrivenTests#beforeEachTest</h3><table class="result"><tr><th>Exception</th></tr><tr><td><div class="stacktrace">java.lang.AssertionError: expected [true] but found [false]
	at com.selenium.libraries.GlobalSeleniumLibrary.startChromeBrowser(GlobalSeleniumLibrary.java:84)
	at com.selenium.libraries.GlobalSeleniumLibrary.startLocalBrowser(GlobalSeleniumLibrary.java:568)
	at com.selenium.libraries.Base.beforeEachTest(Base.java:52)
... Removed 32 stack frames</div></td></tr></table><p class="totop"><a href="#summary">back to summary</a></p>
<h3 id="m1">com.selenium.greatcourses.tests.SmokeTests#beforeEachTest</h3><table class="result"><tr><th>Exception</th></tr><tr><td><div class="stacktrace">java.lang.AssertionError: expected [true] but found [false]
	at com.selenium.libraries.GlobalSeleniumLibrary.startChromeBrowser(GlobalSeleniumLibrary.java:84)
	at com.selenium.libraries.GlobalSeleniumLibrary.startLocalBrowser(GlobalSeleniumLibrary.java:568)
	at com.selenium.libraries.Base.beforeEachTest(Base.java:52)
... Removed 32 stack frames</div></td></tr></table><p class="totop"><a href="#summary">back to summary</a></p>
<h3 id="m2">com.selenium.greatcourses.tests.WindowHandlesTest#beforeEachTest</h3><table class="result"><tr><th>Exception</th></tr><tr><td><div class="stacktrace">java.lang.AssertionError: expected [true] but found [false]
	at com.selenium.libraries.GlobalSeleniumLibrary.startChromeBrowser(GlobalSeleniumLibrary.java:84)
	at com.selenium.libraries.GlobalSeleniumLibrary.startLocalBrowser(GlobalSeleniumLibrary.java:568)
	at com.selenium.libraries.Base.beforeEachTest(Base.java:52)
... Removed 32 stack frames</div></td></tr></table><p class="totop"><a href="#summary">back to summary</a></p>
<h3 id="m3">com.selenium.greatcourses.tests.TestGird#test1</h3><table class="result"><tr><th>Exception</th></tr><tr><td><div class="stacktrace">org.openqa.selenium.remote.UnreachableBrowserException: Could not start a new session. Possible causes are invalid address of the remote server or browser start-up failure.
Build info: version: &apos;3.14.0&apos;, revision: &apos;aacccce0&apos;, time: &apos;2018-08-02T20:19:58.91Z&apos;
System info: host: &apos;DESKTOP-VQCK5T1&apos;, ip: &apos;192.168.1.228&apos;, os.name: &apos;Windows 10&apos;, os.arch: &apos;amd64&apos;, os.version: &apos;10.0&apos;, java.version: &apos;1.8.0_191&apos;
Driver info: driver.version: RemoteWebDriver
	at org.openqa.selenium.remote.RemoteWebDriver.execute(RemoteWebDriver.java:569)
	at org.openqa.selenium.remote.RemoteWebDriver.startSession(RemoteWebDriver.java:212)
	at org.openqa.selenium.remote.RemoteWebDriver.&lt;init&gt;(RemoteWebDriver.java:130)
	at org.openqa.selenium.remote.RemoteWebDriver.&lt;init&gt;(RemoteWebDriver.java:143)
	at com.selenium.greatcourses.tests.TestGird.test1(TestGird.java:18)
Caused by: java.net.ConnectException: Failed to connect to /192.168.1.228:4198
	at okhttp3.internal.connection.RealConnection.connectSocket(RealConnection.java:242)
	at okhttp3.internal.connection.RealConnection.connect(RealConnection.java:160)
	at okhttp3.internal.connection.StreamAllocation.findConnection(StreamAllocation.java:257)
	at okhttp3.internal.connection.StreamAllocation.findHealthyConnection(StreamAllocation.java:135)
	at okhttp3.internal.connection.StreamAllocation.newStream(StreamAllocation.java:114)
	at okhttp3.internal.connection.ConnectInterceptor.intercept(ConnectInterceptor.java:42)
	at okhttp3.internal.http.RealInterceptorChain.proceed(RealInterceptorChain.java:147)
	at okhttp3.internal.http.RealInterceptorChain.proceed(RealInterceptorChain.java:121)
	at okhttp3.internal.cache.CacheInterceptor.intercept(CacheInterceptor.java:93)
	at okhttp3.internal.http.RealInterceptorChain.proceed(RealInterceptorChain.java:147)
	at okhttp3.internal.http.RealInterceptorChain.proceed(RealInterceptorChain.java:121)
	at okhttp3.internal.http.BridgeInterceptor.intercept(BridgeInterceptor.java:93)
	at okhttp3.internal.http.RealInterceptorChain.proceed(RealInterceptorChain.java:147)
	at okhttp3.internal.http.RetryAndFollowUpInterceptor.intercept(RetryAndFollowUpInterceptor.java:126)
	at okhttp3.internal.http.RealInterceptorChain.proceed(RealInterceptorChain.java:147)
	at okhttp3.internal.http.RealInterceptorChain.proceed(RealInterceptorChain.java:121)
	at okhttp3.RealCall.getResponseWithInterceptorChain(RealCall.java:200)
	at okhttp3.RealCall.execute(RealCall.java:77)
	at org.openqa.selenium.remote.internal.OkHttpClient.execute(OkHttpClient.java:105)
	at org.openqa.selenium.remote.ProtocolHandshake.createSession(ProtocolHandshake.java:101)
	at org.openqa.selenium.remote.ProtocolHandshake.createSession(ProtocolHandshake.java:73)
	at org.openqa.selenium.remote.HttpCommandExecutor.execute(HttpCommandExecutor.java:136)
	at org.openqa.selenium.remote.RemoteWebDriver.execute(RemoteWebDriver.java:548)
	... 29 more
Caused by: java.net.ConnectException: Connection refused: connect
	at java.net.DualStackPlainSocketImpl.waitForConnect(Native Method)
	at java.net.DualStackPlainSocketImpl.socketConnect(DualStackPlainSocketImpl.java:85)
	at java.net.AbstractPlainSocketImpl.doConnect(AbstractPlainSocketImpl.java:350)
	at java.net.AbstractPlainSocketImpl.connectToAddress(AbstractPlainSocketImpl.java:206)
	at java.net.AbstractPlainSocketImpl.connect(AbstractPlainSocketImpl.java:188)
	at java.net.PlainSocketImpl.connect(PlainSocketImpl.java:172)
	at java.net.SocksSocketImpl.connect(SocksSocketImpl.java:392)
	at java.net.Socket.connect(Socket.java:589)
	at okhttp3.internal.platform.Platform.connectSocket(Platform.java:129)
	at okhttp3.internal.connection.RealConnection.connectSocket(RealConnection.java:240)
	... 51 more
... Removed 25 stack frames</div></td></tr></table><p class="totop"><a href="#summary">back to summary</a></p>
<h3 id="m4">com.selenium.greatcourses.tests.DataDrivenTests#afterAllTest</h3><table class="result"><tr><th class="invisible"/></tr></table><p class="totop"><a href="#summary">back to summary</a></p>
<h3 id="m5">com.selenium.greatcourses.tests.DataDrivenTests#afterEachTest</h3><table class="result"><tr><th class="invisible"/></tr></table><p class="totop"><a href="#summary">back to summary</a></p>
<h3 id="m6">com.selenium.greatcourses.tests.DataDrivenTests#afterEachTest</h3><table class="result"><tr><th class="invisible"/></tr></table><p class="totop"><a href="#summary">back to summary</a></p>
<h3 id="m7">com.selenium.greatcourses.tests.DataDrivenTests#afterEachTest</h3><table class="result"><tr><th class="invisible"/></tr></table><p class="totop"><a href="#summary">back to summary</a></p>
<h3 id="m8">com.selenium.greatcourses.tests.DataDrivenTests#afterEachTest</h3><table class="result"><tr><th class="invisible"/></tr></table><p class="totop"><a href="#summary">back to summary</a></p>
<h3 id="m9">com.selenium.greatcourses.tests.DataDrivenTests#beforeEachTest</h3><table class="result"><tr><th class="invisible"/></tr></table><p class="totop"><a href="#summary">back to summary</a></p>
<h3 id="m10">com.selenium.greatcourses.tests.DataDrivenTests#beforeEachTest</h3><table class="result"><tr><th class="invisible"/></tr></table><p class="totop"><a href="#summary">back to summary</a></p>
<h3 id="m11">com.selenium.greatcourses.tests.DataDrivenTests#beforeEachTest</h3><table class="result"><tr><th class="invisible"/></tr></table><p class="totop"><a href="#summary">back to summary</a></p>
<h3 id="m12">com.selenium.greatcourses.tests.SmokeTests#afterAllTest</h3><table class="result"><tr><th class="invisible"/></tr></table><p class="totop"><a href="#summary">back to summary</a></p>
<h3 id="m13">com.selenium.greatcourses.tests.SmokeTests#afterEachTest</h3><table class="result"><tr><th class="invisible"/></tr></table><p class="totop"><a href="#summary">back to summary</a></p>
<h3 id="m14">com.selenium.greatcourses.tests.WindowHandlesTest#afterAllTest</h3><table class="result"><tr><th class="invisible"/></tr></table><p class="totop"><a href="#summary">back to summary</a></p>
<h3 id="m15">com.selenium.greatcourses.tests.WindowHandlesTest#afterEachTest</h3><table class="result"><tr><th class="invisible"/></tr></table><p class="totop"><a href="#summary">back to summary</a></p>
<h3 id="m16">com.selenium.greatcourses.tests.DataDrivenTests#dataDrivenTests</h3><table class="result"><tr><th>Exception</th></tr><tr><td><div class="stacktrace">java.lang.AssertionError: expected [true] but found [false]
	at com.selenium.libraries.GlobalSeleniumLibrary.startChromeBrowser(GlobalSeleniumLibrary.java:84)
	at com.selenium.libraries.GlobalSeleniumLibrary.startLocalBrowser(GlobalSeleniumLibrary.java:568)
	at com.selenium.libraries.Base.beforeEachTest(Base.java:52)
... Removed 32 stack frames</div></td></tr></table><p class="totop"><a href="#summary">back to summary</a></p>
<h3 id="m17">com.selenium.greatcourses.tests.DataDrivenTests#dataDrivenTests</h3><table class="result"><tr><th>Exception</th></tr><tr><td><div class="stacktrace">java.lang.AssertionError: expected [true] but found [false]
	at com.selenium.libraries.GlobalSeleniumLibrary.startChromeBrowser(GlobalSeleniumLibrary.java:84)
	at com.selenium.libraries.GlobalSeleniumLibrary.startLocalBrowser(GlobalSeleniumLibrary.java:568)
	at com.selenium.libraries.Base.beforeEachTest(Base.java:52)
... Removed 32 stack frames</div></td></tr></table><p class="totop"><a href="#summary">back to summary</a></p>
<h3 id="m18">com.selenium.greatcourses.tests.DataDrivenTests#dataDrivenTests</h3><table class="result"><tr><th>Exception</th></tr><tr><td><div class="stacktrace">java.lang.AssertionError: expected [true] but found [false]
	at com.selenium.libraries.GlobalSeleniumLibrary.startChromeBrowser(GlobalSeleniumLibrary.java:84)
	at com.selenium.libraries.GlobalSeleniumLibrary.startLocalBrowser(GlobalSeleniumLibrary.java:568)
	at com.selenium.libraries.Base.beforeEachTest(Base.java:52)
... Removed 32 stack frames</div></td></tr></table><p class="totop"><a href="#summary">back to summary</a></p>
<h3 id="m19">com.selenium.greatcourses.tests.DataDrivenTests#dataDrivenTests</h3><table class="result"><tr><th>Exception</th></tr><tr><td><div class="stacktrace">java.lang.AssertionError: expected [true] but found [false]
	at com.selenium.libraries.GlobalSeleniumLibrary.startChromeBrowser(GlobalSeleniumLibrary.java:84)
	at com.selenium.libraries.GlobalSeleniumLibrary.startLocalBrowser(GlobalSeleniumLibrary.java:568)
	at com.selenium.libraries.Base.beforeEachTest(Base.java:52)
... Removed 32 stack frames</div></td></tr></table><p class="totop"><a href="#summary">back to summary</a></p>
<h3 id="m20">com.selenium.greatcourses.tests.SmokeTests#buy_TheAgingBrainCoursTest</h3><table class="result"><tr><th>Exception</th></tr><tr><td><div class="stacktrace">java.lang.AssertionError: expected [true] but found [false]
	at com.selenium.libraries.GlobalSeleniumLibrary.startChromeBrowser(GlobalSeleniumLibrary.java:84)
	at com.selenium.libraries.GlobalSeleniumLibrary.startLocalBrowser(GlobalSeleniumLibrary.java:568)
	at com.selenium.libraries.Base.beforeEachTest(Base.java:52)
... Removed 32 stack frames</div></td></tr></table><p class="totop"><a href="#summary">back to summary</a></p>
<h3 id="m21">com.selenium.greatcourses.tests.WindowHandlesTest#uploadFileTest</h3><table class="result"><tr><th>Exception</th></tr><tr><td><div class="stacktrace">java.lang.AssertionError: expected [true] but found [false]
	at com.selenium.libraries.GlobalSeleniumLibrary.startChromeBrowser(GlobalSeleniumLibrary.java:84)
	at com.selenium.libraries.GlobalSeleniumLibrary.startLocalBrowser(GlobalSeleniumLibrary.java:568)
	at com.selenium.libraries.Base.beforeEachTest(Base.java:52)
... Removed 32 stack frames</div></td></tr></table><p class="totop"><a href="#summary">back to summary</a></p>
</body>
</html>
